# JRE version: OpenJDK Runtime Environment Temurin-17.0.5+8 (17.0.5+8) (build 17.0.5+8)
# Java VM: OpenJDK 64-Bit Server VM Temurin-17.0.5+8 (17.0.5+8, mixed mode, sharing, tiered, compressed oops, compressed class ptrs, parallel gc, windows-amd64)
GC Precious Log:
 CPUs: 8 total, 8 available
 Memory: 16267M
 Large Page Support: Disabled
 NUMA Support: Disabled
 Compressed Oops: Enabled (32-bit)
 Alignments: Space 512K, Generation 512K, Heap 2M
 Heap Min Capacity: 100M
 Heap Initial Capacity: 100M
 Heap Max Capacity: 1G
 Pre-touch: Disabled
 Parallel Workers: 8
Heap:
 PSYoungGen      total 3584K, used 1504K [0x00000000eab00000, 0x00000000eb800000, 0x0000000100000000)
  eden space 2048K, 0% used [0x00000000eab00000,0x00000000eab00000,0x00000000ead00000)
  from space 1536K, 97% used [0x00000000eb180000,0x00000000eb2f8230,0x00000000eb300000)
  to   space 4608K, 0% used [0x00000000ead00000,0x00000000ead00000,0x00000000eb180000)
 ParOldGen       total 224256K, used 223946K [0x00000000c0000000, 0x00000000cdb00000, 0x00000000eab00000)
  object space 224256K, 99% used [0x00000000c0000000,0x00000000cdab2b30,0x00000000cdb00000)
 Metaspace       used 94537K, committed 95744K, reserved 1138688K
  class space    used 10004K, committed 10496K, reserved 1048576K
GC Heap History (20 events):
Event: 141172.378 GC heap after
{Heap after GC invocations=18689 (full 567):
 PSYoungGen      total 3072K, used 320K [0x00000000eab00000, 0x00000000eb000000, 0x0000000100000000)
  eden space 2560K, 0% used [0x00000000eab00000,0x00000000eab00000,0x00000000ead80000)
  from space 512K, 62% used [0x00000000eae80000,0x00000000eaed0000,0x00000000eaf00000)
  to   space 1024K, 0% used [0x00000000eaf00000,0x00000000eaf00000,0x00000000eb000000)
 ParOldGen       total 223744K, used 209535K [0x00000000c0000000, 0x00000000cda80000, 0x00000000eab00000)
  object space 223744K, 93% used [0x00000000c0000000,0x00000000ccc9fc28,0x00000000cda80000)
 Metaspace       used 94535K, committed 95744K, reserved 1138688K
  class space    used 10004K, committed 10496K, reserved 1048576K
}
Event: 141172.413 GC heap before
{Heap before GC invocations=18690 (full 567):
 PSYoungGen      total 3072K, used 2880K [0x00000000eab00000, 0x00000000eb000000, 0x0000000100000000)
  eden space 2560K, 100% used [0x00000000eab00000,0x00000000ead80000,0x00000000ead80000)
  from space 512K, 62% used [0x00000000eae80000,0x00000000eaed0000,0x00000000eaf00000)
  to   space 1024K, 0% used [0x00000000eaf00000,0x00000000eaf00000,0x00000000eb000000)
 ParOldGen       total 223744K, used 209535K [0x00000000c0000000, 0x00000000cda80000, 0x00000000eab00000)
  object space 223744K, 93% used [0x00000000c0000000,0x00000000ccc9fc28,0x00000000cda80000)
 Metaspace       used 94535K, committed 95744K, reserved 1138688K
  class space    used 10004K, committed 10496K, reserved 1048576K
}
Event: 141172.414 GC heap after
{Heap after GC invocations=18690 (full 567):
 PSYoungGen      total 3072K, used 992K [0x00000000eab00000, 0x00000000eb180000, 0x0000000100000000)
  eden space 2048K, 0% used [0x00000000eab00000,0x00000000eab00000,0x00000000ead00000)
  from space 1024K, 96% used [0x00000000eaf00000,0x00000000eaff8230,0x00000000eb000000)
  to   space 2048K, 0% used [0x00000000ead00000,0x00000000ead00000,0x00000000eaf00000)
 ParOldGen       total 223744K, used 210207K [0x00000000c0000000, 0x00000000cda80000, 0x00000000eab00000)
  object space 223744K, 93% used [0x00000000c0000000,0x00000000ccd47df0,0x00000000cda80000)
 Metaspace       used 94535K, committed 95744K, reserved 1138688K
  class space    used 10004K, committed 10496K, reserved 1048576K
}
Event: 141172.418 GC heap before
{Heap before GC invocations=18691 (full 567):
 PSYoungGen      total 3072K, used 3040K [0x00000000eab00000, 0x00000000eb180000, 0x0000000100000000)
  eden space 2048K, 100% used [0x00000000eab00000,0x00000000ead00000,0x00000000ead00000)
  from space 1024K, 96% used [0x00000000eaf00000,0x00000000eaff8230,0x00000000eb000000)
  to   space 2048K, 0% used [0x00000000ead00000,0x00000000ead00000,0x00000000eaf00000)
 ParOldGen       total 223744K, used 210207K [0x00000000c0000000, 0x00000000cda80000, 0x00000000eab00000)
  object space 223744K, 93% used [0x00000000c0000000,0x00000000ccd47df0,0x00000000cda80000)
 Metaspace       used 94535K, committed 95744K, reserved 1138688K
  class space    used 10004K, committed 10496K, reserved 1048576K
}
Event: 141172.420 GC heap after
{Heap after GC invocations=18691 (full 567):
 PSYoungGen      total 4096K, used 2048K [0x00000000eab00000, 0x00000000eb400000, 0x0000000100000000)
  eden space 2048K, 0% used [0x00000000eab00000,0x00000000eab00000,0x00000000ead00000)
  from space 2048K, 100% used [0x00000000ead00000,0x00000000eaf00000,0x00000000eaf00000)
  to   space 3584K, 0% used [0x00000000eb080000,0x00000000eb080000,0x00000000eb400000)
 ParOldGen       total 223744K, used 211260K [0x00000000c0000000, 0x00000000cda80000, 0x00000000eab00000)
  object space 223744K, 94% used [0x00000000c0000000,0x00000000cce4f1b0,0x00000000cda80000)
 Metaspace       used 94535K, committed 95744K, reserved 1138688K
  class space    used 10004K, committed 10496K, reserved 1048576K
}
Event: 141172.425 GC heap before
{Heap before GC invocations=18692 (full 567):
 PSYoungGen      total 4096K, used 4096K [0x00000000eab00000, 0x00000000eb400000, 0x0000000100000000)
  eden space 2048K, 100% used [0x00000000eab00000,0x00000000ead00000,0x00000000ead00000)
  from space 2048K, 100% used [0x00000000ead00000,0x00000000eaf00000,0x00000000eaf00000)
  to   space 3584K, 0% used [0x00000000eb080000,0x00000000eb080000,0x00000000eb400000)
 ParOldGen       total 223744K, used 211260K [0x00000000c0000000, 0x00000000cda80000, 0x00000000eab00000)
  object space 223744K, 94% used [0x00000000c0000000,0x00000000cce4f1b0,0x00000000cda80000)
 Metaspace       used 94535K, committed 95744K, reserved 1138688K
  class space    used 10004K, committed 10496K, reserved 1048576K
}
Event: 141172.427 GC heap after
{Heap after GC invocations=18692 (full 567):
 PSYoungGen      total 4608K, used 2080K [0x00000000eab00000, 0x00000000eb300000, 0x0000000100000000)
  eden space 2048K, 0% used [0x00000000eab00000,0x00000000eab00000,0x00000000ead00000)
  from space 2560K, 81% used [0x00000000eb080000,0x00000000eb288230,0x00000000eb300000)
  to   space 2560K, 0% used [0x00000000eae00000,0x00000000eae00000,0x00000000eb080000)
 ParOldGen       total 223744K, used 213292K [0x00000000c0000000, 0x00000000cda80000, 0x00000000eab00000)
  object space 223744K, 95% used [0x00000000c0000000,0x00000000cd04b1b0,0x00000000cda80000)
 Metaspace       used 94535K, committed 95744K, reserved 1138688K
  class space    used 10004K, committed 10496K, reserved 1048576K
}
Event: 141172.432 GC heap before
{Heap before GC invocations=18693 (full 567):
 PSYoungGen      total 4608K, used 4128K [0x00000000eab00000, 0x00000000eb300000, 0x0000000100000000)
  eden space 2048K, 100% used [0x00000000eab00000,0x00000000ead00000,0x00000000ead00000)
  from space 2560K, 81% used [0x00000000eb080000,0x00000000eb288230,0x00000000eb300000)
  to   space 2560K, 0% used [0x00000000eae00000,0x00000000eae00000,0x00000000eb080000)
 ParOldGen       total 223744K, used 213292K [0x00000000c0000000, 0x00000000cda80000, 0x00000000eab00000)
  object space 223744K, 95% used [0x00000000c0000000,0x00000000cd04b1b0,0x00000000cda80000)
 Metaspace       used 94535K, committed 95744K, reserved 1138688K
  class space    used 10004K, committed 10496K, reserved 1048576K
}
Event: 141172.433 GC heap after
{Heap after GC invocations=18693 (full 567):
 PSYoungGen      total 5120K, used 2144K [0x00000000eab00000, 0x00000000eb280000, 0x0000000100000000)
  eden space 2560K, 0% used [0x00000000eab00000,0x00000000eab00000,0x00000000ead80000)
  from space 2560K, 83% used [0x00000000eae00000,0x00000000eb018000,0x00000000eb080000)
  to   space 2048K, 0% used [0x00000000eb080000,0x00000000eb080000,0x00000000eb280000)
 ParOldGen       total 223744K, used 215268K [0x00000000c0000000, 0x00000000cda80000, 0x00000000eab00000)
  object space 223744K, 96% used [0x00000000c0000000,0x00000000cd2393e0,0x00000000cda80000)
 Metaspace       used 94535K, committed 95744K, reserved 1138688K
  class space    used 10004K, committed 10496K, reserved 1048576K
}
Event: 141172.442 GC heap before
{Heap before GC invocations=18694 (full 567):
 PSYoungGen      total 5120K, used 4704K [0x00000000eab00000, 0x00000000eb280000, 0x0000000100000000)
  eden space 2560K, 100% used [0x00000000eab00000,0x00000000ead80000,0x00000000ead80000)
  from space 2560K, 83% used [0x00000000eae00000,0x00000000eb018000,0x00000000eb080000)
  to   space 2048K, 0% used [0x00000000eb080000,0x00000000eb080000,0x00000000eb280000)
 ParOldGen       total 223744K, used 215268K [0x00000000c0000000, 0x00000000cda80000, 0x00000000eab00000)
  object space 223744K, 96% used [0x00000000c0000000,0x00000000cd2393e0,0x00000000cda80000)
 Metaspace       used 94535K, committed 95744K, reserved 1138688K
  class space    used 10004K, committed 10496K, reserved 1048576K
}
Event: 141172.443 GC heap after
{Heap after GC invocations=18694 (full 567):
 PSYoungGen      total 4096K, used 1344K [0x00000000eab00000, 0x00000000eb200000, 0x0000000100000000)
  eden space 2560K, 0% used [0x00000000eab00000,0x00000000eab00000,0x00000000ead80000)
  from space 1536K, 87% used [0x00000000eb080000,0x00000000eb1d0230,0x00000000eb200000)
  to   space 2048K, 0% used [0x00000000eae00000,0x00000000eae00000,0x00000000eb000000)
 ParOldGen       total 223744K, used 217324K [0x00000000c0000000, 0x00000000cda80000, 0x00000000eab00000)
  object space 223744K, 97% used [0x00000000c0000000,0x00000000cd43b3e0,0x00000000cda80000)
 Metaspace       used 94535K, committed 95744K, reserved 1138688K
  class space    used 10004K, committed 10496K, reserved 1048576K
}
Event: 141172.448 GC heap before
{Heap before GC invocations=18695 (full 567):
 PSYoungGen      total 4096K, used 3904K [0x00000000eab00000, 0x00000000eb200000, 0x0000000100000000)
  eden space 2560K, 100% used [0x00000000eab00000,0x00000000ead80000,0x00000000ead80000)
  from space 1536K, 87% used [0x00000000eb080000,0x00000000eb1d0230,0x00000000eb200000)
  to   space 2048K, 0% used [0x00000000eae00000,0x00000000eae00000,0x00000000eb000000)
 ParOldGen       total 223744K, used 217324K [0x00000000c0000000, 0x00000000cda80000, 0x00000000eab00000)
  object space 223744K, 97% used [0x00000000c0000000,0x00000000cd43b3e0,0x00000000cda80000)
 Metaspace       used 94535K, committed 95744K, reserved 1138688K
  class space    used 10004K, committed 10496K, reserved 1048576K
}
Event: 141172.450 GC heap after
{Heap after GC invocations=18695 (full 567):
 PSYoungGen      total 5120K, used 2048K [0x00000000eab00000, 0x00000000eb700000, 0x0000000100000000)
  eden space 3072K, 0% used [0x00000000eab00000,0x00000000eab00000,0x00000000eae00000)
  from space 2048K, 100% used [0x00000000eae00000,0x00000000eb000000,0x00000000eb000000)
  to   space 4608K, 0% used [0x00000000eb280000,0x00000000eb280000,0x00000000eb700000)
 ParOldGen       total 223744K, used 219050K [0x00000000c0000000, 0x00000000cda80000, 0x00000000eab00000)
  object space 223744K, 97% used [0x00000000c0000000,0x00000000cd5ea968,0x00000000cda80000)
 Metaspace       used 94535K, committed 95744K, reserved 1138688K
  class space    used 10004K, committed 10496K, reserved 1048576K
}
Event: 141172.457 GC heap before
{Heap before GC invocations=18696 (full 567):
 PSYoungGen      total 5120K, used 5120K [0x00000000eab00000, 0x00000000eb700000, 0x0000000100000000)
  eden space 3072K, 100% used [0x00000000eab00000,0x00000000eae00000,0x00000000eae00000)
  from space 2048K, 100% used [0x00000000eae00000,0x00000000eb000000,0x00000000eb000000)
  to   space 4608K, 0% used [0x00000000eb280000,0x00000000eb280000,0x00000000eb700000)
 ParOldGen       total 223744K, used 219050K [0x00000000c0000000, 0x00000000cda80000, 0x00000000eab00000)
  object space 223744K, 97% used [0x00000000c0000000,0x00000000cd5ea968,0x00000000cda80000)
 Metaspace       used 94535K, committed 95744K, reserved 1138688K
  class space    used 10004K, committed 10496K, reserved 1048576K
}
Event: 141172.460 GC heap after
{Heap after GC invocations=18696 (full 567):
 PSYoungGen      total 7680K, used 3136K [0x00000000eab00000, 0x00000000eb600000, 0x0000000100000000)
  eden space 4096K, 0% used [0x00000000eab00000,0x00000000eab00000,0x00000000eaf00000)
  from space 3584K, 87% used [0x00000000eb280000,0x00000000eb590230,0x00000000eb600000)
  to   space 3584K, 0% used [0x00000000eaf00000,0x00000000eaf00000,0x00000000eb280000)
 ParOldGen       total 223744K, used 221154K [0x00000000c0000000, 0x00000000cda80000, 0x00000000eab00000)
  object space 223744K, 98% used [0x00000000c0000000,0x00000000cd7f8968,0x00000000cda80000)
 Metaspace       used 94535K, committed 95744K, reserved 1138688K
  class space    used 10004K, committed 10496K, reserved 1048576K
}
Event: 419812.198 GC heap before
{Heap before GC invocations=18697 (full 567):
 PSYoungGen      total 7680K, used 7232K [0x00000000eab00000, 0x00000000eb600000, 0x0000000100000000)
  eden space 4096K, 100% used [0x00000000eab00000,0x00000000eaf00000,0x00000000eaf00000)
  from space 3584K, 87% used [0x00000000eb280000,0x00000000eb590230,0x00000000eb600000)
  to   space 3584K, 0% used [0x00000000eaf00000,0x00000000eaf00000,0x00000000eb280000)
 ParOldGen       total 223744K, used 221154K [0x00000000c0000000, 0x00000000cda80000, 0x00000000eab00000)
  object space 223744K, 98% used [0x00000000c0000000,0x00000000cd7f8968,0x00000000cda80000)
 Metaspace       used 94535K, committed 95744K, reserved 1138688K
  class space    used 10004K, committed 10496K, reserved 1048576K
}
Event: 419812.207 GC heap after
{Heap after GC invocations=18697 (full 567):
 PSYoungGen      total 5120K, used 544K [0x00000000eab00000, 0x00000000eb300000, 0x0000000100000000)
  eden space 4096K, 0% used [0x00000000eab00000,0x00000000eab00000,0x00000000eaf00000)
  from space 1024K, 53% used [0x00000000eaf00000,0x00000000eaf88000,0x00000000eb000000)
  to   space 1536K, 0% used [0x00000000eb180000,0x00000000eb180000,0x00000000eb300000)
 ParOldGen       total 223744K, used 221586K [0x00000000c0000000, 0x00000000cda80000, 0x00000000eab00000)
  object space 223744K, 99% used [0x00000000c0000000,0x00000000cd864968,0x00000000cda80000)
 Metaspace       used 94535K, committed 95744K, reserved 1138688K
  class space    used 10004K, committed 10496K, reserved 1048576K
}
Event: 419812.219 GC heap before
{Heap before GC invocations=18698 (full 567):
 PSYoungGen      total 5120K, used 4640K [0x00000000eab00000, 0x00000000eb300000, 0x0000000100000000)
  eden space 4096K, 100% used [0x00000000eab00000,0x00000000eaf00000,0x00000000eaf00000)
  from space 1024K, 53% used [0x00000000eaf00000,0x00000000eaf88000,0x00000000eb000000)
  to   space 1536K, 0% used [0x00000000eb180000,0x00000000eb180000,0x00000000eb300000)
 ParOldGen       total 223744K, used 221586K [0x00000000c0000000, 0x00000000cda80000, 0x00000000eab00000)
  object space 223744K, 99% used [0x00000000c0000000,0x00000000cd864968,0x00000000cda80000)
 Metaspace       used 94537K, committed 95744K, reserved 1138688K
  class space    used 10004K, committed 10496K, reserved 1048576K
}
Event: 419812.221 GC heap after
{Heap after GC invocations=18698 (full 567):
 PSYoungGen      total 3584K, used 1504K [0x00000000eab00000, 0x00000000eb800000, 0x0000000100000000)
  eden space 2048K, 0% used [0x00000000eab00000,0x00000000eab00000,0x00000000ead00000)
  from space 1536K, 97% used [0x00000000eb180000,0x00000000eb2f8230,0x00000000eb300000)
  to   space 4608K, 0% used [0x00000000ead00000,0x00000000ead00000,0x00000000eb180000)
 ParOldGen       total 224256K, used 223946K [0x00000000c0000000, 0x00000000cdb00000, 0x00000000eab00000)
  object space 224256K, 99% used [0x00000000c0000000,0x00000000cdab2b30,0x00000000cdb00000)
 Metaspace       used 94537K, committed 95744K, reserved 1138688K
  class space    used 10004K, committed 10496K, reserved 1048576K
}
Event: 419812.221 GC heap before
{Heap before GC invocations=18699 (full 568):
 PSYoungGen      total 3584K, used 1504K [0x00000000eab00000, 0x00000000eb800000, 0x0000000100000000)
  eden space 2048K, 0% used [0x00000000eab00000,0x00000000eab00000,0x00000000ead00000)
  from space 1536K, 97% used [0x00000000eb180000,0x00000000eb2f8230,0x00000000eb300000)
  to   space 4608K, 0% used [0x00000000ead00000,0x00000000ead00000,0x00000000eb180000)
 ParOldGen       total 224256K, used 223946K [0x00000000c0000000, 0x00000000cdb00000, 0x00000000eab00000)
  object space 224256K, 99% used [0x00000000c0000000,0x00000000cdab2b30,0x00000000cdb00000)
 Metaspace       used 94537K, committed 95744K, reserved 1138688K
  class space    used 10004K, committed 10496K, reserved 1048576K
}

